<?xml version="1.0" encoding="UTF-8"?>
<!-- Generated by org.testng.reporters.JUnitXMLReporter -->
<testsuite hostname="Admin-PC" name="Test" tests="3" failures="1" timestamp="13 May 2018 14:38:13 GMT" time="65.242" errors="0">
  <testcase name="failTest" time="0.02" classname="TestNGProject.TestNG.TestNGClass">
    <failure type="java.lang.AssertionError" message="expected [true] but found [false]">
      <![CDATA[java.lang.AssertionError: expected [true] but found [false]
	at TestNGProject.TestNG.TestNGClass.failTest(TestNGClass.java:78)
... Removed 28 stack frames]]>
    </failure>
  </testcase> <!-- failTest -->
  <testcase name="loginAndLogoutGmail" time="15.233" classname="TestNGProject.TestNG.TestNGClass"/>
  <testcase name="skipTest" time="0.002" classname="TestNGProject.TestNG.TestNGClass">
    <skipped/>
  </testcase> <!-- skipTest -->
</testsuite> <!-- Test -->
