<?xml version="1.0" encoding="UTF-8"?>
<testng-results skipped="1" failed="1" total="3" passed="1">
  <reporter-output>
  </reporter-output>
  <suite name="Suite" duration-ms="65242" started-at="2018-05-13T14:37:07Z" finished-at="2018-05-13T14:38:13Z">
    <groups>
    </groups>
    <test name="Test" duration-ms="65242" started-at="2018-05-13T14:37:07Z" finished-at="2018-05-13T14:38:13Z">
      <class name="TestNGProject.TestNG.TestNGClass">
        <test-method status="PASS" signature="startReport()[pri:0, instance:TestNGProject.TestNG.TestNGClass@4678c730]" name="startReport" is-config="true" duration-ms="226" started-at="2018-05-13T20:07:07Z" finished-at="2018-05-13T20:07:08Z">
          <reporter-output>
          </reporter-output>
        </test-method> <!-- startReport -->
        <test-method status="PASS" signature="beforeMethod()[pri:0, instance:TestNGProject.TestNG.TestNGClass@4678c730]" name="beforeMethod" is-config="true" duration-ms="27716" started-at="2018-05-13T20:07:08Z" finished-at="2018-05-13T20:07:35Z">
          <reporter-output>
          </reporter-output>
        </test-method> <!-- beforeMethod -->
        <test-method status="FAIL" signature="failTest()[pri:0, instance:TestNGProject.TestNG.TestNGClass@4678c730]" name="failTest" duration-ms="20" started-at="2018-05-13T20:07:35Z" finished-at="2018-05-13T20:07:35Z">
          <exception class="java.lang.AssertionError">
            <message>
              <![CDATA[expected [true] but found [false]]]>
            </message>
            <full-stacktrace>
              <![CDATA[java.lang.AssertionError: expected [true] but found [false]
	at org.testng.Assert.fail(Assert.java:94)
	at org.testng.Assert.failNotEquals(Assert.java:494)
	at org.testng.Assert.assertTrue(Assert.java:42)
	at org.testng.Assert.assertTrue(Assert.java:52)
	at TestNGProject.TestNG.TestNGClass.failTest(TestNGClass.java:78)
	at sun.reflect.NativeMethodAccessorImpl.invoke0(Native Method)
	at sun.reflect.NativeMethodAccessorImpl.invoke(Unknown Source)
	at sun.reflect.DelegatingMethodAccessorImpl.invoke(Unknown Source)
	at java.lang.reflect.Method.invoke(Unknown Source)
	at org.testng.internal.MethodInvocationHelper.invokeMethod(MethodInvocationHelper.java:80)
	at org.testng.internal.Invoker.invokeMethod(Invoker.java:714)
	at org.testng.internal.Invoker.invokeTestMethod(Invoker.java:901)
	at org.testng.internal.Invoker.invokeTestMethods(Invoker.java:1231)
	at org.testng.internal.TestMethodWorker.invokeTestMethods(TestMethodWorker.java:127)
	at org.testng.internal.TestMethodWorker.run(TestMethodWorker.java:111)
	at org.testng.TestRunner.privateRun(TestRunner.java:767)
	at org.testng.TestRunner.run(TestRunner.java:617)
	at org.testng.SuiteRunner.runTest(SuiteRunner.java:334)
	at org.testng.SuiteRunner.runSequentially(SuiteRunner.java:329)
	at org.testng.SuiteRunner.privateRun(SuiteRunner.java:291)
	at org.testng.SuiteRunner.run(SuiteRunner.java:240)
	at org.testng.SuiteRunnerWorker.runSuite(SuiteRunnerWorker.java:52)
	at org.testng.SuiteRunnerWorker.run(SuiteRunnerWorker.java:86)
	at org.testng.TestNG.runSuitesSequentially(TestNG.java:1198)
	at org.testng.TestNG.runSuitesLocally(TestNG.java:1123)
	at org.testng.TestNG.run(TestNG.java:1031)
	at org.testng.remote.AbstractRemoteTestNG.run(AbstractRemoteTestNG.java:114)
	at org.testng.remote.RemoteTestNG.initAndRun(RemoteTestNG.java:251)
	at org.testng.remote.RemoteTestNG.main(RemoteTestNG.java:77)
]]>
            </full-stacktrace>
          </exception> <!-- java.lang.AssertionError -->
          <reporter-output>
          </reporter-output>
        </test-method> <!-- failTest -->
        <test-method status="PASS" signature="afterMethod(org.testng.ITestResult)[pri:0, instance:TestNGProject.TestNG.TestNGClass@4678c730]" name="afterMethod" is-config="true" duration-ms="4397" started-at="2018-05-13T20:07:35Z" finished-at="2018-05-13T20:07:40Z">
          <params>
            <param index="0">
              <value>
                <![CDATA[[TestResult name=failTest status=FAILURE method=TestNGClass.failTest()[pri:0, instance:TestNGProject.TestNG.TestNGClass@4678c730] output={null}]]]>
              </value>
            </param>
          </params>
          <reporter-output>
          </reporter-output>
        </test-method> <!-- afterMethod -->
        <test-method status="PASS" signature="beforeMethod()[pri:0, instance:TestNGProject.TestNG.TestNGClass@4678c730]" name="beforeMethod" is-config="true" duration-ms="9455" started-at="2018-05-13T20:07:40Z" finished-at="2018-05-13T20:07:49Z">
          <reporter-output>
          </reporter-output>
        </test-method> <!-- beforeMethod -->
        <test-method status="PASS" signature="loginAndLogoutGmail()[pri:0, instance:TestNGProject.TestNG.TestNGClass@4678c730]" name="loginAndLogoutGmail" duration-ms="15233" started-at="2018-05-13T20:07:49Z" finished-at="2018-05-13T20:08:05Z">
          <reporter-output>
          </reporter-output>
        </test-method> <!-- loginAndLogoutGmail -->
        <test-method status="PASS" signature="afterMethod(org.testng.ITestResult)[pri:0, instance:TestNGProject.TestNG.TestNGClass@4678c730]" name="afterMethod" is-config="true" duration-ms="823" started-at="2018-05-13T20:08:05Z" finished-at="2018-05-13T20:08:05Z">
          <params>
            <param index="0">
              <value>
                <![CDATA[[TestResult name=loginAndLogoutGmail status=SUCCESS method=TestNGClass.loginAndLogoutGmail()[pri:0, instance:TestNGProject.TestNG.TestNGClass@4678c730] output={null}]]]>
              </value>
            </param>
          </params>
          <reporter-output>
          </reporter-output>
        </test-method> <!-- afterMethod -->
        <test-method status="PASS" signature="beforeMethod()[pri:0, instance:TestNGProject.TestNG.TestNGClass@4678c730]" name="beforeMethod" is-config="true" duration-ms="6531" started-at="2018-05-13T20:08:05Z" finished-at="2018-05-13T20:08:12Z">
          <reporter-output>
          </reporter-output>
        </test-method> <!-- beforeMethod -->
        <test-method status="SKIP" signature="skipTest()[pri:0, instance:TestNGProject.TestNG.TestNGClass@4678c730]" name="skipTest" duration-ms="2" started-at="2018-05-13T20:08:12Z" finished-at="2018-05-13T20:08:12Z">
          <exception class="org.testng.SkipException">
            <message>
              <![CDATA[Skipping - This is not ready for testing ]]>
            </message>
            <full-stacktrace>
              <![CDATA[org.testng.SkipException: Skipping - This is not ready for testing 
	at TestNGProject.TestNG.TestNGClass.skipTest(TestNGClass.java:85)
	at sun.reflect.NativeMethodAccessorImpl.invoke0(Native Method)
	at sun.reflect.NativeMethodAccessorImpl.invoke(Unknown Source)
	at sun.reflect.DelegatingMethodAccessorImpl.invoke(Unknown Source)
	at java.lang.reflect.Method.invoke(Unknown Source)
	at org.testng.internal.MethodInvocationHelper.invokeMethod(MethodInvocationHelper.java:80)
	at org.testng.internal.Invoker.invokeMethod(Invoker.java:714)
	at org.testng.internal.Invoker.invokeTestMethod(Invoker.java:901)
	at org.testng.internal.Invoker.invokeTestMethods(Invoker.java:1231)
	at org.testng.internal.TestMethodWorker.invokeTestMethods(TestMethodWorker.java:127)
	at org.testng.internal.TestMethodWorker.run(TestMethodWorker.java:111)
	at org.testng.TestRunner.privateRun(TestRunner.java:767)
	at org.testng.TestRunner.run(TestRunner.java:617)
	at org.testng.SuiteRunner.runTest(SuiteRunner.java:334)
	at org.testng.SuiteRunner.runSequentially(SuiteRunner.java:329)
	at org.testng.SuiteRunner.privateRun(SuiteRunner.java:291)
	at org.testng.SuiteRunner.run(SuiteRunner.java:240)
	at org.testng.SuiteRunnerWorker.runSuite(SuiteRunnerWorker.java:52)
	at org.testng.SuiteRunnerWorker.run(SuiteRunnerWorker.java:86)
	at org.testng.TestNG.runSuitesSequentially(TestNG.java:1198)
	at org.testng.TestNG.runSuitesLocally(TestNG.java:1123)
	at org.testng.TestNG.run(TestNG.java:1031)
	at org.testng.remote.AbstractRemoteTestNG.run(AbstractRemoteTestNG.java:114)
	at org.testng.remote.RemoteTestNG.initAndRun(RemoteTestNG.java:251)
	at org.testng.remote.RemoteTestNG.main(RemoteTestNG.java:77)
]]>
            </full-stacktrace>
          </exception> <!-- org.testng.SkipException -->
          <reporter-output>
          </reporter-output>
        </test-method> <!-- skipTest -->
        <test-method status="PASS" signature="afterMethod(org.testng.ITestResult)[pri:0, instance:TestNGProject.TestNG.TestNGClass@4678c730]" name="afterMethod" is-config="true" duration-ms="813" started-at="2018-05-13T20:08:12Z" finished-at="2018-05-13T20:08:13Z">
          <params>
            <param index="0">
              <value>
                <![CDATA[[TestResult name=skipTest status=SKIP method=TestNGClass.skipTest()[pri:0, instance:TestNGProject.TestNG.TestNGClass@4678c730] output={null}]]]>
              </value>
            </param>
          </params>
          <reporter-output>
          </reporter-output>
        </test-method> <!-- afterMethod -->
      </class> <!-- TestNGProject.TestNG.TestNGClass -->
    </test> <!-- Test -->
  </suite> <!-- Suite -->
</testng-results>
